Using pre-set license
Built from '2020.3/staging' branch; Version is '2020.3.23f1 (c5d91304a876) revision 12966163'; Using compiler version '192528614'; Build Type 'Release'
OS: 'Windows 10 Pro; OS build 19045.2364; Version 2009; 64bit' Language: 'zh' Physical Memory: 32689 MB
BatchMode: 1, IsHumanControllingUs: 0, StartBugReporterOnCrash: 0, Is64bit: 1, IsPro: 0

COMMAND LINE ARGUMENTS:
C:\Program Files\Unity\Hub\Editor\2020.3.23f1\Editor\Unity.exe
-adb2
-batchMode
-noUpm
-name
AssetImportWorker0
-projectPath
E:/Code/LearnInGame
-logFile
Logs/AssetImportWorker0.log
-srvPort
50464
Successfully changed project path to: E:/Code/LearnInGame
E:/Code/LearnInGame
Using Asset Import Pipeline V2.
Refreshing native plugins compatible for Editor in 33.71 ms, found 3 plugins.
Preloading 0 native plugins for Editor in 0.00 ms.
Initialize engine version: 2020.3.23f1 (c5d91304a876)
[Subsystems] Discovering subsystems at path C:/Program Files/Unity/Hub/Editor/2020.3.23f1/Editor/Data/Resources/UnitySubsystems
[Subsystems] Discovering subsystems at path E:/Code/LearnInGame/Assets
GfxDevice: creating device client; threaded=0
Direct3D:
    Version:  Direct3D 11.0 [level 11.1]
    Renderer: AMD Radeon RX 6600 XT (ID=0x73ff)
    Vendor:   
    VRAM:     8147 MB
    Driver:   31.0.12019.15004
Initialize mono
Mono path[0] = 'C:/Program Files/Unity/Hub/Editor/2020.3.23f1/Editor/Data/Managed'
Mono path[1] = 'C:/Program Files/Unity/Hub/Editor/2020.3.23f1/Editor/Data/MonoBleedingEdge/lib/mono/unityjit'
Mono config path = 'C:/Program Files/Unity/Hub/Editor/2020.3.23f1/Editor/Data/MonoBleedingEdge/etc'
Using monoOptions --debugger-agent=transport=dt_socket,embedding=1,server=y,suspend=n,address=127.0.0.1:56116
Begin MonoManager ReloadAssembly
Registering precompiled unity dll's ...
Register platform support module: C:/Program Files/Unity/Hub/Editor/2020.3.23f1/Editor/Data/PlaybackEngines/WindowsStandaloneSupport/UnityEditor.WindowsStandalone.Extensions.dll
Registered in 0.001646 seconds.
Native extension for WindowsStandalone target not found
Refreshing native plugins compatible for Editor in 32.86 ms, found 3 plugins.
Preloading 0 native plugins for Editor in 0.00 ms.
Mono: successfully reloaded assembly
- Completed reload, in  0.373 seconds
Domain Reload Profiling:
	ReloadAssembly (373ms)
		BeginReloadAssembly (37ms)
			ExecutionOrderSort (0ms)
			DisableScriptedObjects (0ms)
			BackupInstance (0ms)
			ReleaseScriptingObjects (0ms)
			CreateAndSetChildDomain (1ms)
		EndReloadAssembly (287ms)
			LoadAssemblies (35ms)
			RebuildTransferFunctionScriptingTraits (0ms)
			SetupTypeCache (91ms)
			ReleaseScriptCaches (0ms)
			RebuildScriptCaches (17ms)
			SetupLoadedEditorAssemblies (113ms)
				LogAssemblyErrors (0ms)
				InitializePlatformSupportModulesInManaged (3ms)
				SetLoadedEditorAssemblies (0ms)
				RefreshPlugins (33ms)
				BeforeProcessingInitializeOnLoad (10ms)
				ProcessInitializeOnLoadAttributes (49ms)
				ProcessInitializeOnLoadMethodAttributes (16ms)
				AfterProcessingInitializeOnLoad (0ms)
				EditorAssembliesLoaded (0ms)
			ExecutionOrderSort2 (0ms)
			AwakeInstancesAfterBackupRestoration (0ms)
Platform modules already initialized, skipping
Registering precompiled user dll's ...
Registered in 0.004058 seconds.
Begin MonoManager ReloadAssembly
Native extension for WindowsStandalone target not found
Refreshing native plugins compatible for Editor in 32.45 ms, found 3 plugins.
Preloading 0 native plugins for Editor in 0.00 ms.
Mono: successfully reloaded assembly
- Completed reload, in  0.732 seconds
Domain Reload Profiling:
	ReloadAssembly (732ms)
		BeginReloadAssembly (91ms)
			ExecutionOrderSort (0ms)
			DisableScriptedObjects (3ms)
			BackupInstance (0ms)
			ReleaseScriptingObjects (0ms)
			CreateAndSetChildDomain (15ms)
		EndReloadAssembly (600ms)
			LoadAssemblies (61ms)
			RebuildTransferFunctionScriptingTraits (0ms)
			SetupTypeCache (203ms)
			ReleaseScriptCaches (1ms)
			RebuildScriptCaches (28ms)
			SetupLoadedEditorAssemblies (234ms)
				LogAssemblyErrors (0ms)
				InitializePlatformSupportModulesInManaged (2ms)
				SetLoadedEditorAssemblies (0ms)
				RefreshPlugins (33ms)
				BeforeProcessingInitializeOnLoad (55ms)
				ProcessInitializeOnLoadAttributes (125ms)
				ProcessInitializeOnLoadMethodAttributes (12ms)
				AfterProcessingInitializeOnLoad (6ms)
				EditorAssembliesLoaded (0ms)
			ExecutionOrderSort2 (0ms)
			AwakeInstancesAfterBackupRestoration (4ms)
Platform modules already initialized, skipping
========================================================================
Worker process is ready to serve import requests
Launched and connected shader compiler UnityShaderCompiler.exe after 0.03 seconds
Refreshing native plugins compatible for Editor in 0.99 ms, found 3 plugins.
Preloading 0 native plugins for Editor in 0.00 ms.
Unloading 2292 Unused Serialized files (Serialized files now loaded: 0)
System memory in use before: 100.9 MB.
System memory in use after: 101.1 MB.

Unloading 28 unused Assets to reduce memory usage. Loaded Objects now: 2727.
Total: 2.492400 ms (FindLiveObjects: 0.217600 ms CreateObjectMapping: 0.054900 ms MarkObjects: 2.162200 ms  DeleteObjects: 0.056900 ms)

AssetImportParameters requested are different than current active one (requested -> active):
  custom:framework-win-MediaFoundation: 216162199b28c13a410421893ffa2e32 -> 
  custom:video-decoder-ogg-theora: a1e56fd34408186e4bbccfd4996cb3dc -> 
  custom:container-muxer-webm: aa71ff27fc2769a1b78a27578f13a17b -> 
  custom:container-demuxer-webm: 4f35f7cbe854078d1ac9338744f61a02 -> 
  custom:container-demuxer-ogg: 62fdf1f143b41e24485cea50d1cbac27 -> 
  custom:video-encoder-webm-vp8: eb34c28f22e8b96e1ab97ce403110664 -> 
  custom:video-decoder-webm-vp8: 9c59270c3fd7afecdb556c50c9e8de78 -> 
  custom:audio-decoder-ogg-vorbis: bf7c407c2cedff20999df2af8eb42d56 -> 
  custom:audio-encoder-webm-vorbis: bf7c407c2cedff20999df2af8eb42d56 -> 
========================================================================
Received Import Request.
  path: Assets/Script/Homepage/Profile/UpdateProfile.cs
  artifactKey: Guid(a5f10f7b04f681f4e87e8c09a9f7484d) Importer(815301076,1909f56bfc062723c751e8b465ee728b)
Start importing Assets/Script/Homepage/Profile/UpdateProfile.cs using Guid(a5f10f7b04f681f4e87e8c09a9f7484d) Importer(815301076,1909f56bfc062723c751e8b465ee728b)  -> (artifact id: '1f565b02eafb88deb302651d7c798d7d') in 0.174065 seconds 
  Import took 0.177327 seconds .

========================================================================
Received Import Request.
  Time since last request: 16.746060 seconds.
  path: Assets/Script/Homepage/PopupWindowsControl.cs
  artifactKey: Guid(b496aba9c1a104a4391e4423fdbc0a44) Importer(815301076,1909f56bfc062723c751e8b465ee728b)
Start importing Assets/Script/Homepage/PopupWindowsControl.cs using Guid(b496aba9c1a104a4391e4423fdbc0a44) Importer(815301076,1909f56bfc062723c751e8b465ee728b)  -> (artifact id: '8d24191923de405c1a81fef7a6d00010') in 0.007272 seconds 
  Import took 0.010490 seconds .

========================================================================
Received Import Request.
  Time since last request: 33.926925 seconds.
  path: Assets/Script/Homepage/Reacord/RecordArray.cs
  artifactKey: Guid(903597ba08ee96e4ab8e0f1ebc1923e7) Importer(815301076,1909f56bfc062723c751e8b465ee728b)
Start importing Assets/Script/Homepage/Reacord/RecordArray.cs using Guid(903597ba08ee96e4ab8e0f1ebc1923e7) Importer(815301076,1909f56bfc062723c751e8b465ee728b)  -> (artifact id: '72d97c69bd215e2ce554358c2e28b609') in 0.020294 seconds 
  Import took 0.023387 seconds .

========================================================================
Received Import Request.
  Time since last request: 0.638329 seconds.
  path: Assets/Script/Homepage/Reacord/RecordData.cs
  artifactKey: Guid(8a8b8df53ae71a747b14f558e42221c6) Importer(815301076,1909f56bfc062723c751e8b465ee728b)
Start importing Assets/Script/Homepage/Reacord/RecordData.cs using Guid(8a8b8df53ae71a747b14f558e42221c6) Importer(815301076,1909f56bfc062723c751e8b465ee728b)  -> (artifact id: '63376f4b906c88627bd913f5968aec34') in 0.004775 seconds 
  Import took 0.007824 seconds .

========================================================================
Received Import Request.
  Time since last request: 3.032554 seconds.
  path: Assets/Script/Login/Login.cs
  artifactKey: Guid(84a8d9be9d4110f4db65c7cffef197bf) Importer(815301076,1909f56bfc062723c751e8b465ee728b)
Start importing Assets/Script/Login/Login.cs using Guid(84a8d9be9d4110f4db65c7cffef197bf) Importer(815301076,1909f56bfc062723c751e8b465ee728b)  -> (artifact id: '79cf247fa4b09996be26c01a0fb251c4') in 0.131589 seconds 
  Import took 0.135340 seconds .

AssetImportWorkerClient::OnTransportError - code=2 error=End of file
